#! /usr/bin/vvp
:ivl_version "10.3 (stable)";
:ivl_delay_selection "TYPICAL";
:vpi_time_precision - 12;
:vpi_module "system";
:vpi_module "vhdl_sys";
:vpi_module "v2005_math";
:vpi_module "va_math";
S_0x55b63ebfe0f0 .scope module, "tb_test" "tb_test" 2 41;
 .timescale -9 -12;
v0x55b63ec49ab0_0 .var "clk", 0 0;
v0x55b63ec49b70_0 .net "out1", 0 0, v0x55b63ec496c0_0;  1 drivers
v0x55b63ec49c40_0 .net "out2", 0 0, v0x55b63ec497d0_0;  1 drivers
v0x55b63ec49d40_0 .var "rst", 0 0;
S_0x55b63ebfe270 .scope module, "DUT" "test" 2 59, 2 2 0, S_0x55b63ebfe0f0;
 .timescale -9 -12;
    .port_info 0 /INPUT 1 "clk"
    .port_info 1 /INPUT 1 "rst"
    .port_info 2 /OUTPUT 1 "out1"
    .port_info 3 /OUTPUT 1 "out2"
v0x55b63ec11680_0 .net "clk", 0 0, v0x55b63ec49ab0_0;  1 drivers
v0x55b63ec49450_0 .var "next_out1", 0 0;
v0x55b63ec49510_0 .var "next_out2", 0 0;
v0x55b63ec495e0_0 .var "next_state", 1 0;
v0x55b63ec496c0_0 .var "out1", 0 0;
v0x55b63ec497d0_0 .var "out2", 0 0;
v0x55b63ec49890_0 .net "rst", 0 0, v0x55b63ec49d40_0;  1 drivers
v0x55b63ec49950_0 .var "state", 1 0;
E_0x55b63ec37910 .event edge, v0x55b63ec49950_0;
E_0x55b63ec37b70 .event posedge, v0x55b63ec11680_0;
    .scope S_0x55b63ebfe270;
T_0 ;
    %wait E_0x55b63ec37b70;
    %load/vec4 v0x55b63ec49890_0;
    %flag_set/vec4 8;
    %jmp/0xz  T_0.0, 8;
    %pushi/vec4 0, 0, 2;
    %assign/vec4 v0x55b63ec49950_0, 0;
    %pushi/vec4 0, 0, 1;
    %assign/vec4 v0x55b63ec496c0_0, 0;
    %pushi/vec4 0, 0, 1;
    %assign/vec4 v0x55b63ec497d0_0, 0;
    %jmp T_0.1;
T_0.0 ;
    %load/vec4 v0x55b63ec495e0_0;
    %assign/vec4 v0x55b63ec49950_0, 0;
    %load/vec4 v0x55b63ec49450_0;
    %assign/vec4 v0x55b63ec496c0_0, 0;
    %load/vec4 v0x55b63ec49510_0;
    %assign/vec4 v0x55b63ec497d0_0, 0;
T_0.1 ;
    %jmp T_0;
    .thread T_0;
    .scope S_0x55b63ebfe270;
T_1 ;
    %wait E_0x55b63ec37910;
    %load/vec4 v0x55b63ec49950_0;
    %dup/vec4;
    %pushi/vec4 0, 0, 2;
    %cmp/u;
    %jmp/1 T_1.0, 6;
    %dup/vec4;
    %pushi/vec4 1, 0, 2;
    %cmp/u;
    %jmp/1 T_1.1, 6;
    %dup/vec4;
    %pushi/vec4 2, 0, 2;
    %cmp/u;
    %jmp/1 T_1.2, 6;
    %dup/vec4;
    %pushi/vec4 3, 0, 2;
    %cmp/u;
    %jmp/1 T_1.3, 6;
    %load/vec4 v0x55b63ec49950_0;
    %store/vec4 v0x55b63ec495e0_0, 0, 2;
    %jmp T_1.5;
T_1.0 ;
    %pushi/vec4 1, 0, 2;
    %store/vec4 v0x55b63ec495e0_0, 0, 2;
    %jmp T_1.5;
T_1.1 ;
    %pushi/vec4 2, 0, 2;
    %store/vec4 v0x55b63ec495e0_0, 0, 2;
    %jmp T_1.5;
T_1.2 ;
    %pushi/vec4 3, 0, 2;
    %store/vec4 v0x55b63ec495e0_0, 0, 2;
    %jmp T_1.5;
T_1.3 ;
    %pushi/vec4 0, 0, 2;
    %store/vec4 v0x55b63ec495e0_0, 0, 2;
    %jmp T_1.5;
T_1.5 ;
    %pop/vec4 1;
    %jmp T_1;
    .thread T_1, $push;
    .scope S_0x55b63ebfe270;
T_2 ;
    %wait E_0x55b63ec37910;
    %pushi/vec4 0, 0, 1;
    %store/vec4 v0x55b63ec49450_0, 0, 1;
    %pushi/vec4 0, 0, 1;
    %store/vec4 v0x55b63ec49510_0, 0, 1;
    %load/vec4 v0x55b63ec49950_0;
    %cmpi/e 0, 0, 2;
    %flag_mov 8, 4;
    %load/vec4 v0x55b63ec49950_0;
    %cmpi/e 1, 0, 2;
    %flag_or 4, 8;
    %jmp/0xz  T_2.0, 4;
    %pushi/vec4 1, 0, 1;
    %store/vec4 v0x55b63ec49450_0, 0, 1;
T_2.0 ;
    %load/vec4 v0x55b63ec49950_0;
    %cmpi/e 2, 0, 2;
    %flag_mov 8, 4;
    %load/vec4 v0x55b63ec49950_0;
    %cmpi/e 3, 0, 2;
    %flag_or 4, 8;
    %jmp/0xz  T_2.2, 4;
    %pushi/vec4 1, 0, 1;
    %store/vec4 v0x55b63ec49510_0, 0, 1;
T_2.2 ;
    %jmp T_2;
    .thread T_2, $push;
    .scope S_0x55b63ebfe0f0;
T_3 ;
    %pushi/vec4 0, 0, 1;
    %store/vec4 v0x55b63ec49ab0_0, 0, 1;
    %pushi/vec4 1, 0, 1;
    %store/vec4 v0x55b63ec49d40_0, 0, 1;
    %delay 7000, 0;
    %pushi/vec4 0, 0, 1;
    %store/vec4 v0x55b63ec49d40_0, 0, 1;
    %end;
    .thread T_3;
    .scope S_0x55b63ebfe0f0;
T_4 ;
    %vpi_call 2 52 "$dumpfile", "out.vcd" {0 0 0};
    %vpi_call 2 53 "$dumpvars" {0 0 0};
    %delay 100000, 0;
    %vpi_call 2 54 "$finish" {0 0 0};
    %end;
    .thread T_4;
    .scope S_0x55b63ebfe0f0;
T_5 ;
    %delay 5000, 0;
    %load/vec4 v0x55b63ec49ab0_0;
    %inv;
    %store/vec4 v0x55b63ec49ab0_0, 0, 1;
    %jmp T_5;
    .thread T_5;
# The file index is used to find the file name in the following table.
:file_names 3;
    "N/A";
    "<interactive>";
    "test.v";
